<?xml version="1.0" encoding="UTF-8"?>
<testsuite xmlns:xsi="http://www.w3.org/2001/XMLSchema-instance" xsi:noNamespaceSchemaLocation="https://maven.apache.org/surefire/maven-surefire-plugin/xsd/surefire-test-report.xsd" name="edu.jdbctest.test.AppTest" time="0.064" tests="2" errors="2" skipped="0" failures="0">
  <properties>
[...]
</properties>
  <testcase name="getFlightsBeteenSuccess" classname="edu.jdbctest.test.AppTest" time="0.022">
    <error type="java.lang.ExceptionInInitializerError">java.lang.ExceptionInInitializerError
	at edu.jdbctest.test.AppTest.getFlightsBeteenSuccess(AppTest.java:37)
Caused by: java.lang.NullPointerException: inStream parameter is null
	at edu.jdbctest.test.AppTest.getFlightsBeteenSuccess(AppTest.java:37)
</error>
  </testcase>
  <testcase name="getTicketsByFlightIdSuccess" classname="edu.jdbctest.test.AppTest" time="0">
    <error message="Could not initialize class edu.jdbctest.test.ConnectionManager" type="java.lang.NoClassDefFoundError">java.lang.NoClassDefFoundError: Could not initialize class edu.jdbctest.test.ConnectionManager
	at edu.jdbctest.test.AppTest.getTicketsByFlightIdSuccess(AppTest.java:49)
Caused by: java.lang.ExceptionInInitializerError: Exception java.lang.ExceptionInInitializerError [in thread "main"]
	at edu.jdbctest.test.AppTest.getFlightsBeteenSuccess(AppTest.java:37)
</error>
  </testcase>
</testsuite>