<?xml version="1.0" encoding="UTF-8"?>
<testsuite xmlns:xsi="http://www.w3.org/2001/XMLSchema-instance" xsi:noNamespaceSchemaLocation="https://maven.apache.org/surefire/maven-surefire-plugin/xsd/surefire-test-report.xsd" name="edu.jdbctest.test.AppTest" time="0.583" tests="2" errors="0" skipped="0" failures="0">
  <properties>
[...]
</properties>
  <testcase name="getFlightsBeteenSuccess" classname="edu.jdbctest.test.AppTest" time="0.457"/>
  <testcase name="getTicketsByFlightIdSuccess" classname="edu.jdbctest.test.AppTest" time="0.082"/>
</testsuite>